/__w/mn-samples-ieee/mn-samples-ieee/site/documents/p987.6/document.err errors


== Style

(): Word Usage subclause missing
(): Document must include (references) Normative References
(XML Line 000001): Normative reference IEEE_Std_91 is not dated.
	<bibitem id="IEEE_Std_91">
	  <formattedref format="application/x-isodoc+xml"/>
	  <docidentifier type="IEEE">IEEE Std 91</docidentifier>
	  <docnumber>91</docnumber>
	</bibitem>
(XML Line 000001): Normative reference accredited_standards is not dated.
	<bibitem id="accredited_standards">
	  <formattedref format="application/x-isodoc+xml">Accredited Standards Committee C2-2012, National Electrical Safety Code<sup>®</sup> (NESC<sup>®</sup>).<fn reference="4"><p id="_62c1fc8b-0598-8963-3166-035ec2c90778">National Electrical Safety Code and NESC are both registered trademarks and service marks of The Institute of Electrical and Electronics Engineers, Incorporated.</p>
	</fn><fn reference="5"><p id="_eded7cbc-fabd-6928-f7b8-c7e5fec6ffcc">The NESC is available from The Institute of Electrical and Electronics Engineers at <link target="http://standards.ieee.org/"/>.</p>
	</fn></formattedref>
	  <docidentifier>Accredited Standards</docidentifier>
(XML Line 000001): Normative reference IEEE_P802 is not dated.
	<bibitem id="IEEE_P802">
	  <formattedref format="application/x-isodoc+xml">IEEE P802.21<sup>™</sup> (Draft 14, November 2003), Draft Standard for Local and Metropolitan Area Networks — Media Independent Handover Services.<fn reference="6"><p id="_54ef39e8-e1eb-da28-5391-422654066888">Numbers preceded by P are IEEE authorized standards projects that were not approved by The IEEE SA Standards Board at the time this publication went to Sponsor ballot/press. For information about obtaining drafts, contact the IEEE.</p>
	</fn></formattedref>
	  <docidentifier type="IEEE">IEEE P802.21/D14</docidentifier>
	  <docnumber>802.21/D14</docnumber>
(XML Line 000001): Normative reference IEEE_ASTM is not dated.
	<bibitem id="IEEE_ASTM">
	  <formattedref format="application/x-isodoc+xml">IEEE/ASTM SI 10<sup>™</sup>, American National Standard for Metric Practice.</formattedref>
	  <docidentifier type="IEEE">IEEE/ASTM SI</docidentifier>
	  
	</bibitem>
(XML Line 000001): Normative reference NFPA_70 is not dated.
	<bibitem id="NFPA_70">
	  <formattedref format="application/x-isodoc+xml">NFPA 70, 2011 Edition, National Electrical Code<sup>®</sup> (NEC<sup>®</sup>).<fn reference="7"><p id="_bc29f9c1-9959-6744-3fa1-a2ae5f5c3a34">National Electrical Code and NEC are both registered trademarks of the National Fire Protection Association, Incorporated.</p>
	</fn><fn reference="8"><p id="_a60fbf69-e28c-4561-eb4b-ced34a033983">The NEC is published by the National Fire Protection Association (<link target="http://www.nfpa.org/"/>). Copies are also available from The Institute of Electrical and Electronics Engineers at <link target="http://shop.ieee.org/"/>.</p>
	</fn></formattedref>
	  <docidentifier>NFPA 70</docidentifier>
(XML Line 000004): Expected title to start as: Draft Standard 
	<title language="en" format="text/plain">Recommended Practice for Preparing an IEEE Standards Draft</title>
(XML Line 000015): Hanging paragraph in clause
	<clause id="boilerplate-disclaimers">
	      <title>Important Notices and Disclaimers Concerning IEEE Standards Documents</title>
	
	      <p id="_DV_M4">IEEE Standards
	      documents are made available for use subject to important notices and legal
(XML Line 000473): figure heading should be capitalised: v
	<name>vibration test</name>
(XML Line 000477): figure heading should be capitalised: s
	<name>shock test</name>


== Metanorma XML Syntax

(XML Line 000013:503): character content of element "subdoctype" invalid; must be equal to "amendment", "corrigendum" or "erratum"
(XML Line 000013:775): element "structuredidentifier" not allowed here; expected the element end-tag or element "holdstatus", "ics", "pubstatus", "standard_modified" or "standard_status"
(XML Line 000379:40): element "admonition" missing required attributes "id" and "type"
(XML Line 000380:1): text not allowed here; expected the element end-tag or element "name", "note" or "p"
(XML Line 000439:9): element "term" incomplete; missing required element "definition"
(XML Line 000458:52): value of attribute "status" is invalid; must be equal to "identical" or "modified"
(XML Line 000475:127): element "fn" not allowed here; expected the element end-tag, text or element "add", "bookmark", "br", "concept", "del", "em", "eref", "erefstack", "hr", "image", "index", "index-xref", "keyword", "link", "note", "pagebreak", "ruby", "smallcap", "span", "stem", "strike", "strong", "sub", "sup", "svg", "tt", "underline" or "xref"
(XML Line 000527:59): element "fn" not allowed here; expected the element end-tag, text or element "add", "bookmark", "br", "concept", "del", "em", "eref", "erefstack", "hr", "image", "index", "index-xref", "keyword", "link", "note", "pagebreak", "ruby", "smallcap", "span", "stem", "strike", "strong", "sub", "sup", "svg", "tt", "underline" or "xref"
(XML Line 000738:2805): character content of element "stage" invalid; must be equal to "approved", "draft", "superseded" or "withdrawn"
(XML Line 000854:459): character content of element "stage" invalid; must be equal to "approved", "draft", "superseded" or "withdrawn"
(XML Line 000868:617): character content of element "stage" invalid; must be equal to "approved", "draft", "superseded" or "withdrawn"
